[
    3, 0, 0, 0, 0, 0, 0, 0, 0, 0, 0, 0, 0, 0, 0, 0, 
    0, 16, 133, 197, 197, 197, 
    0, 16, 154, 218, 218, 218, 
    0, 16, 138, 202, 202, 202, 
    0, 16, 146, 210, 210, 210, 
    1, 7, 13, 19, 100, 99, 98, 97, 
    16, 4, 
    4, 0, 0, 0, 0, 0, 0, 0, 
    49, 0, 0, 0, 0, 0, 0, 0, 
    120, 80, 52, 188
]
[
    3, 0, 0, 0, 0, 0, 0, 0, 0, 0, 0, 0, 0, 0, 0, 0, 
    0, 16, 133, 197, 197, 197, 
    0, 16, 154, 218, 218, 218, 
    0, 16, 138, 202, 202, 202, 
    0, 16, 146, 210, 210, 210, 
    0, 16, 130, 194, 194, 194, 
    0, 16, 155, 219, 219, 219, 
    1, 7, 13, 19, 25, 31, 102, 101, 100, 99, 98, 97, 
    16, 6, 
    6, 0, 0, 0, 0, 0, 0, 0, 
    65, 0, 0, 0, 0, 0, 0, 0, 
    23, 161, 211, 39
]

[
    3, 0, 0, 0, 0, 0, 0, 0, 0, 0, 0, 0, 0, 0, 0, 0, 0, 0, 0, 0, 
    104, 103, 102, 101, 16, 4, 
    210, 202, 218, 197, 
    4, 0, 0, 0, 0, 0, 0, 0, 
    29, 0, 0, 0, 0, 0, 0, 0, 
    83, 192, 143, 77
]